<?xml version="1.0" encoding="UTF-8"?>
<testng-results ignored="0" total="2" passed="2" failed="0" skipped="0">
  <reporter-output>
  </reporter-output>
  <suite started-at="2024-08-01T17:24:52 IST" name="Suite" finished-at="2024-08-01T17:25:27 IST" duration-ms="35163">
    <groups>
      <group name="SmokeTest">
        <method signature="AmazonLaunch.aHomepage()[pri:0, instance:com.ecom.app.mod1.AmazonLaunch@dd8ba08]" name="aHomepage" class="com.ecom.app.mod1.AmazonLaunch"/>
      </group> <!-- SmokeTest -->
      <group name="RegressionTest">
        <method signature="AmazonLaunch.fHomepage()[pri:0, instance:com.ecom.app.mod1.AmazonLaunch@dd8ba08]" name="fHomepage" class="com.ecom.app.mod1.AmazonLaunch"/>
      </group> <!-- RegressionTest -->
    </groups>
    <test started-at="2024-08-01T17:24:52 IST" name="Test" finished-at="2024-08-01T17:25:27 IST" duration-ms="35163">
      <class name="com.ecom.app.mod1.AmazonLaunch">
        <test-method is-config="true" signature="confiqBS()[pri:0, instance:com.ecom.app.mod1.AmazonLaunch@dd8ba08]" started-at="2024-08-01T17:24:52 IST" name="confiqBS" finished-at="2024-08-01T17:24:52 IST" duration-ms="97" status="PASS">
          <reporter-output>
          </reporter-output>
        </test-method> <!-- confiqBS -->
        <test-method is-config="true" signature="confiqBc()[pri:0, instance:com.ecom.app.mod1.AmazonLaunch@dd8ba08]" started-at="2024-08-01T17:24:52 IST" name="confiqBc" finished-at="2024-08-01T17:25:16 IST" duration-ms="23781" status="PASS">
          <reporter-output>
          </reporter-output>
        </test-method> <!-- confiqBc -->
        <test-method signature="aHomepage()[pri:0, instance:com.ecom.app.mod1.AmazonLaunch@dd8ba08]" started-at="2024-08-01T17:25:16 IST" name="aHomepage" finished-at="2024-08-01T17:25:22 IST" duration-ms="5725" status="PASS">
          <reporter-output>
          </reporter-output>
        </test-method> <!-- aHomepage -->
        <test-method signature="fHomepage()[pri:0, instance:com.ecom.app.mod1.AmazonLaunch@dd8ba08]" started-at="2024-08-01T17:25:22 IST" name="fHomepage" finished-at="2024-08-01T17:25:26 IST" duration-ms="4559" status="PASS">
          <reporter-output>
          </reporter-output>
        </test-method> <!-- fHomepage -->
        <test-method is-config="true" signature="confiqAC()[pri:0, instance:com.ecom.app.mod1.AmazonLaunch@dd8ba08]" started-at="2024-08-01T17:25:26 IST" name="confiqAC" finished-at="2024-08-01T17:25:27 IST" duration-ms="971" status="PASS">
          <reporter-output>
          </reporter-output>
        </test-method> <!-- confiqAC -->
        <test-method is-config="true" signature="confiqAS()[pri:0, instance:com.ecom.app.mod1.AmazonLaunch@dd8ba08]" started-at="2024-08-01T17:25:27 IST" name="confiqAS" finished-at="2024-08-01T17:25:27 IST" duration-ms="0" status="PASS">
          <reporter-output>
          </reporter-output>
        </test-method> <!-- confiqAS -->
      </class> <!-- com.ecom.app.mod1.AmazonLaunch -->
    </test> <!-- Test -->
  </suite> <!-- Suite -->
</testng-results>
